G:\MYOPENCV\MFCMEITUAN\MFCMEITUAN\RELEASE\MFCMEITUAN.PCH
G:\MYOPENCV\MFCMEITUAN\MFCMEITUAN\RELEASE\STDAFX.OBJ
G:\MYOPENCV\MFCMEITUAN\MFCMEITUAN\RELEASE\VC110.PDB
G:\MYOPENCV\MFCMEITUAN\MFCMEITUAN\RELEASE\MFCMEITUANDLG.OBJ
G:\MYOPENCV\MFCMEITUAN\MFCMEITUAN\RELEASE\MFCMEITUAN.OBJ
G:\MYOPENCV\MFCMEITUAN\MFCMEITUAN\RELEASE\FACEDETECTION.OBJ
G:\MYOPENCV\MFCMEITUAN\MFCMEITUAN\RELEASE\CVVIMAGE.OBJ
G:\MYOPENCV\MFCMEITUAN\RELEASE\MFCMEITUAN.EXE
G:\MYOPENCV\MFCMEITUAN\RELEASE\MFCMEITUAN.PDB
G:\MYOPENCV\MFCMEITUAN\MFCMEITUAN\RELEASE\MFCMEITUAN.RES
G:\MyOpenCV\MFCMeiTuan\MFCMeiTuan\Release\CvvImage.obj
G:\MyOpenCV\MFCMeiTuan\MFCMeiTuan\Release\FaceDetection.obj
G:\MyOpenCV\MFCMeiTuan\MFCMeiTuan\Release\MFCMeiTuan.obj
G:\MyOpenCV\MFCMeiTuan\MFCMeiTuan\Release\MFCMeiTuanDlg.obj
G:\MyOpenCV\MFCMeiTuan\MFCMeiTuan\Release\stdafx.obj
G:\MyOpenCV\MFCMeiTuan\MFCMeiTuan\Release\cl.command.1.tlog
G:\MyOpenCV\MFCMeiTuan\MFCMeiTuan\Release\CL.read.1.tlog
G:\MyOpenCV\MFCMeiTuan\MFCMeiTuan\Release\CL.write.1.tlog
G:\MyOpenCV\MFCMeiTuan\MFCMeiTuan\Release\link-cvtres.read.1.tlog
G:\MyOpenCV\MFCMeiTuan\MFCMeiTuan\Release\link-cvtres.write.1.tlog
G:\MyOpenCV\MFCMeiTuan\MFCMeiTuan\Release\link-mt.read.1.tlog
G:\MyOpenCV\MFCMeiTuan\MFCMeiTuan\Release\link-mt.write.1.tlog
G:\MyOpenCV\MFCMeiTuan\MFCMeiTuan\Release\link-rc.read.1.tlog
G:\MyOpenCV\MFCMeiTuan\MFCMeiTuan\Release\link-rc.write.1.tlog
G:\MyOpenCV\MFCMeiTuan\MFCMeiTuan\Release\link.command.1.tlog
G:\MyOpenCV\MFCMeiTuan\MFCMeiTuan\Release\link.read.1.tlog
G:\MyOpenCV\MFCMeiTuan\MFCMeiTuan\Release\link.write.1.tlog
G:\MyOpenCV\MFCMeiTuan\MFCMeiTuan\Release\rc.command.1.tlog
G:\MyOpenCV\MFCMeiTuan\MFCMeiTuan\Release\rc.read.1.tlog
G:\MyOpenCV\MFCMeiTuan\MFCMeiTuan\Release\rc.write.1.tlog
G:\MyOpenCV\MFCMeiTuan\MFCMeiTuan\Release\MFCMeiTuan.res
G:\MyOpenCV\MFCMeiTuan\MFCMeiTuan\Release\MFCMeiTuan.pch
G:\MyOpenCV\MFCMeiTuan\MFCMeiTuan\Release\vc110.pdb
G:\MyOpenCV\MFCMeiTuan\Release\MFCMeiTuan.pdb
G:\MyOpenCV\MFCMeiTuan\Release\MFCMeiTuan.exe
